[ INFO] - :52 2022-06-24 02:28:08 - La ruta de archivos temporales predeterminada es: C:\Users\Alejandro\IdeaProjects\Practico5\temp
[ INFO] - :198 2022-06-24 02:29:34 - Carpeta 'David' ha sido creada correctamente!
[ INFO] - :198 2022-06-24 02:29:41 - Carpeta 'Bladi' ha sido creada correctamente!
[ INFO] - :162 2022-06-24 02:29:51 - Archivo 'UML.png' ha sido cargado correctamente!
[ INFO] - :198 2022-06-24 02:29:55 - Carpeta 'archivo' ha sido creada correctamente!
[ INFO] - :162 2022-06-24 02:30:00 - Archivo 'test.txt' ha sido cargado correctamente!
[ INFO] - :40 2022-06-24 02:30:24 - La nueva ruta de archivos temporales es: C:\Users\Alejandro\Desktop\temp
[ INFO] - :162 2022-06-24 02:30:36 - Archivo 'Pregunta10.accdb' ha sido cargado correctamente!
[ INFO] - :120 2022-06-24 02:30:54 - Archivo 'test.txt' ha sido copiado correctamente en : C:\Users\Alejandro\Desktop\
[ INFO] - :120 2022-06-24 02:31:10 - Archivo 'UML.png' ha sido copiado correctamente en : C:\Users\Alejandro\Desktop\
[ INFO] - :120 2022-06-24 02:31:23 - Archivo 'Pregunta10.accdb' ha sido copiado correctamente en : C:\Users\Alejandro\Desktop\
[ INFO] - :198 2022-06-24 02:32:27 - Carpeta 'a' ha sido creada correctamente!
[ INFO] - :198 2022-06-24 02:32:30 - Carpeta 'DAVID' ha sido creada correctamente!
[ INFO] - :162 2022-06-24 02:32:41 - Archivo 'test - copia.txt' ha sido cargado correctamente!
[ INFO] - :120 2022-06-24 02:32:52 - Archivo 'test - copia.txt' ha sido copiado correctamente en : C:\Users\Alejandro\Desktop\
[ INFO] - :198 2022-06-24 02:33:05 - Carpeta '+' ha sido creada correctamente!
[ INFO] - :198 2022-06-24 02:33:16 - Carpeta '/' ha sido creada correctamente!
[ INFO] - :198 2022-06-24 02:38:09 - Carpeta '\' ha sido creada correctamente!
[ INFO] - :52 2022-06-24 02:45:33 - La ruta de archivos temporales predeterminada es: C:\Users\Alejandro\IdeaProjects\Practico5\temp
[ INFO] - :198 2022-06-24 02:45:39 - Carpeta '' ha sido creada correctamente!
[ INFO] - :52 2022-06-24 02:46:20 - La ruta de archivos temporales predeterminada es: C:\Users\Alejandro\IdeaProjects\Practico5\temp
[ INFO] - :198 2022-06-24 02:46:23 - Carpeta '' ha sido creada correctamente!
[ INFO] - :52 2022-06-24 02:47:15 - La ruta de archivos temporales predeterminada es: C:\Users\Alejandro\IdeaProjects\Practico5\temp
[ INFO] - :198 2022-06-24 02:47:22 - Carpeta '' ha sido creada correctamente!
[ INFO] - :52 2022-06-24 02:47:55 - La ruta de archivos temporales predeterminada es: C:\Users\Alejandro\IdeaProjects\Practico5\temp
[ INFO] - :198 2022-06-24 02:48:27 - Carpeta '86' ha sido creada correctamente!
[ INFO] - :198 2022-06-24 02:48:48 - Carpeta '76867' ha sido creada correctamente!
[ INFO] - :198 2022-06-24 02:48:51 - Carpeta 'asdsa2' ha sido creada correctamente!
[ INFO] - :162 2022-06-24 02:49:04 - Archivo 'UML.png' ha sido cargado correctamente!
[ INFO] - :120 2022-06-24 02:49:26 - Archivo 'UML.png' ha sido copiado correctamente en : C:\Users\Alejandro\Desktop\
